Performing C SOURCE FILE Test CMAKE_HAVE_LIBC_PTHREAD failed with the following output:
Change Dir: /home/rares/dev/interop/build/linux/x64/debug/CMakeFiles/CMakeTmp

Run Build Command(s):/usr/bin/ninja cmTC_a2205 && [1/2] Building C object CMakeFiles/cmTC_a2205.dir/src.c.o
[2/2] Linking C executable cmTC_a2205
FAILED: cmTC_a2205 
: && /usr/bin/clang   CMakeFiles/cmTC_a2205.dir/src.c.o -o cmTC_a2205   && :
CMakeFiles/cmTC_a2205.dir/src.c.o: In function `main':
src.c:(.text+0x25): undefined reference to `pthread_create'
src.c:(.text+0x31): undefined reference to `pthread_detach'
src.c:(.text+0x3d): undefined reference to `pthread_cancel'
src.c:(.text+0x4f): undefined reference to `pthread_join'
src.c:(.text+0x66): undefined reference to `pthread_atfork'
clang: error: linker command failed with exit code 1 (use -v to see invocation)
ninja: build stopped: subcommand failed.


Source file was:
#include <pthread.h>

static void* test_func(void* data)
{
  return data;
}

int main(void)
{
  pthread_t thread;
  pthread_create(&thread, NULL, test_func, NULL);
  pthread_detach(thread);
  pthread_cancel(thread);
  pthread_join(thread, NULL);
  pthread_atfork(NULL, NULL, NULL);
  pthread_exit(NULL);

  return 0;
}

Determining if the function pthread_create exists in the pthreads failed with the following output:
Change Dir: /home/rares/dev/interop/build/linux/x64/debug/CMakeFiles/CMakeTmp

Run Build Command(s):/usr/bin/ninja cmTC_2b9b0 && [1/2] Building C object CMakeFiles/cmTC_2b9b0.dir/CheckFunctionExists.c.o
[2/2] Linking C executable cmTC_2b9b0
FAILED: cmTC_2b9b0 
: && /usr/bin/clang -DCHECK_FUNCTION_EXISTS=pthread_create  CMakeFiles/cmTC_2b9b0.dir/CheckFunctionExists.c.o -o cmTC_2b9b0  -lpthreads && :
/usr/bin/ld: cannot find -lpthreads
clang: error: linker command failed with exit code 1 (use -v to see invocation)
ninja: build stopped: subcommand failed.



